<?xml version="1.0" encoding="UTF-8" ?>
<testsuite failures="0" time="28.478" errors="0" skipped="0" tests="39" name="org.restflow.groovy.TestGroovyWorkflows">
  <properties>
    <property name="java.runtime.name" value="Java(TM) SE Runtime Environment"/>
    <property name="sun.boot.library.path" value="C:\Program Files\Java\jdk1.7.0_13\jre\bin"/>
    <property name="java.vm.version" value="23.7-b01"/>
    <property name="java.vm.vendor" value="Oracle Corporation"/>
    <property name="java.vendor.url" value="http://java.oracle.com/"/>
    <property name="path.separator" value=";"/>
    <property name="guice.disable.misplaced.annotation.check" value="true"/>
    <property name="java.vm.name" value="Java HotSpot(TM) 64-Bit Server VM"/>
    <property name="file.encoding.pkg" value="sun.io"/>
    <property name="user.script" value=""/>
    <property name="user.country" value="US"/>
    <property name="sun.java.launcher" value="SUN_STANDARD"/>
    <property name="sun.os.patch.level" value=""/>
    <property name="java.vm.specification.name" value="Java Virtual Machine Specification"/>
    <property name="user.dir" value="C:\Users\tmcphillips\GitHub\org-restflow\restflow-groovy"/>
    <property name="java.runtime.version" value="1.7.0_13-b20"/>
    <property name="java.awt.graphicsenv" value="sun.awt.Win32GraphicsEnvironment"/>
    <property name="java.endorsed.dirs" value="C:\Program Files\Java\jdk1.7.0_13\jre\lib\endorsed"/>
    <property name="os.arch" value="amd64"/>
    <property name="java.io.tmpdir" value="C:\Users\TMCPHI~1\AppData\Local\Temp\"/>
    <property name="line.separator" value="
"/>
    <property name="java.vm.specification.vendor" value="Oracle Corporation"/>
    <property name="user.variant" value=""/>
    <property name="os.name" value="Windows 8"/>
    <property name="classworlds.conf" value="C:\Program Files\apache-maven-3.0.4\bin\m2.conf"/>
    <property name="sun.jnu.encoding" value="Cp1252"/>
    <property name="java.library.path" value="C:\Program Files\Java\jdk1.7.0_13\bin;C:\Windows\Sun\Java\bin;C:\Windows\system32;C:\Windows;C:\Program Files\Common Files\Microsoft Shared\Microsoft Online Services;C:\Program Files (x86)\Common Files\Microsoft Shared\Microsoft Online Services;C:\Windows\system32;C:\Windows;C:\Windows\System32\Wbem;C:\Windows\System32\WindowsPowerShell\v1.0\;C:\Program Files\apache-maven-3.0.4\bin;C:\Program Files\Python27;C:\cygwin\bin;C:\Program Files\Java\jdk1.7.0_13\bin;C:\Users\tmcphillips\AppData\Local\GitHub\PortableGit_ca477551eeb4aea0e4ae9fcd3358bd96720bb5c8\bin;C:\Program Files\Microsoft SQL Server\110\DTS\Binn\;C:\Program Files (x86)\Microsoft SQL Server\110\Tools\Binn\;C:\Program Files\Microsoft SQL Server\110\Tools\Binn\;C:\Program Files (x86)\Microsoft SQL Server\110\Tools\Binn\ManagementStudio\;C:\Program Files (x86)\Microsoft Visual Studio 10.0\Common7\IDE\PrivateAssemblies\;C:\Program Files (x86)\Microsoft SQL Server\110\DTS\Binn\;C:\Program Files (x86)\Microsoft ASP.NET\ASP.NET Web Pages\v1.0\;C:\Program Files (x86)\Windows Kits\8.0\Windows Performance Toolkit\;C:\Program Files\Microsoft\Web Platform Installer\;C:\Program Files (x86)\Microsoft SDKs\F#\3.0\Framework\v4.0;C:\Program Files (x86)\QuickTime\QTSystem\;C:\Program Files (x86)\PuTTY;."/>
    <property name="java.specification.name" value="Java Platform API Specification"/>
    <property name="java.class.version" value="51.0"/>
    <property name="sun.management.compiler" value="HotSpot 64-Bit Tiered Compilers"/>
    <property name="os.version" value="6.2"/>
    <property name="user.home" value="C:\Users\tmcphillips"/>
    <property name="user.timezone" value="America/Los_Angeles"/>
    <property name="java.awt.printerjob" value="sun.awt.windows.WPrinterJob"/>
    <property name="java.specification.version" value="1.7"/>
    <property name="file.encoding" value="Cp1252"/>
    <property name="user.name" value="tmcphillips"/>
    <property name="java.class.path" value="C:\Program Files\apache-maven-3.0.4\boot\plexus-classworlds-2.4.jar"/>
    <property name="java.vm.specification.version" value="1.7"/>
    <property name="sun.arch.data.model" value="64"/>
    <property name="java.home" value="C:\Program Files\Java\jdk1.7.0_13\jre"/>
    <property name="sun.java.command" value="org.codehaus.plexus.classworlds.launcher.Launcher test"/>
    <property name="java.specification.vendor" value="Oracle Corporation"/>
    <property name="user.language" value="en"/>
    <property name="awt.toolkit" value="sun.awt.windows.WToolkit"/>
    <property name="java.vm.info" value="mixed mode"/>
    <property name="java.version" value="1.7.0_13"/>
    <property name="java.ext.dirs" value="C:\Program Files\Java\jdk1.7.0_13\jre\lib\ext;C:\Windows\Sun\Java\lib\ext"/>
    <property name="sun.boot.class.path" value="C:\Program Files\Java\jdk1.7.0_13\jre\lib\resources.jar;C:\Program Files\Java\jdk1.7.0_13\jre\lib\rt.jar;C:\Program Files\Java\jdk1.7.0_13\jre\lib\sunrsasign.jar;C:\Program Files\Java\jdk1.7.0_13\jre\lib\jsse.jar;C:\Program Files\Java\jdk1.7.0_13\jre\lib\jce.jar;C:\Program Files\Java\jdk1.7.0_13\jre\lib\charsets.jar;C:\Program Files\Java\jdk1.7.0_13\jre\lib\jfr.jar;C:\Program Files\Java\jdk1.7.0_13\jre\classes"/>
    <property name="java.vendor" value="Oracle Corporation"/>
    <property name="maven.home" value="C:\Program Files\apache-maven-3.0.4"/>
    <property name="file.separator" value="\"/>
    <property name="java.vendor.url.bug" value="http://bugreport.sun.com/bugreport/"/>
    <property name="sun.cpu.endian" value="little"/>
    <property name="sun.io.unicode.encoding" value="UnicodeLittle"/>
    <property name="sun.desktop" value="windows"/>
    <property name="sun.cpu.isalist" value="amd64"/>
  </properties>
  <testcase time="0.896" classname="org.restflow.groovy.TestGroovyWorkflows" name="test_ConditionalRouting_DataDrivenDirector"/>
  <testcase time="0.515" classname="org.restflow.groovy.TestGroovyWorkflows" name="test_FileHandles_DataDrivenDirector"/>
  <testcase time="0.689" classname="org.restflow.groovy.TestGroovyWorkflows" name="test_ScratchFiles_PublishSubscribeDirector"/>
  <testcase time="0.653" classname="org.restflow.groovy.TestGroovyWorkflows" name="test_ScratchFiles_MTDataDrivenDirector"/>
  <testcase time="0.428" classname="org.restflow.groovy.TestGroovyWorkflows" name="test_MissingFiles_DataDrivenDirector"/>
  <testcase time="0.563" classname="org.restflow.groovy.TestGroovyWorkflows" name="test_Lists_GroovyActor_MTDataDrivenDirector"/>
  <testcase time="0.779" classname="org.restflow.groovy.TestGroovyWorkflows" name="test_Lists_JavaActor_DataDrivenDirector"/>
  <testcase time="0.806" classname="org.restflow.groovy.TestGroovyWorkflows" name="test_Lists_JavaActor_MTDataDrivenDirector"/>
  <testcase time="1.099" classname="org.restflow.groovy.TestGroovyWorkflows" name="test_SampleScreening_DataDrivenDirector"/>
  <testcase time="0.328" classname="org.restflow.groovy.TestGroovyWorkflows" name="test_Groovy_PublishSubscribeDirector"/>
  <testcase time="0.451" classname="org.restflow.groovy.TestGroovyWorkflows" name="test_Lists_GroovyActor_DataDrivenDirector"/>
  <testcase time="1.629" classname="org.restflow.groovy.TestGroovyWorkflows" name="test_SimulateDataCollectionNestedFeedback_PublishSubscribeDirector"/>
  <testcase time="1.602" classname="org.restflow.groovy.TestGroovyWorkflows" name="test_SimulateDataCollectionNestedFeedback_MTDataDrivenDirector"/>
  <testcase time="0.587" classname="org.restflow.groovy.TestGroovyWorkflows" name="test_WorkspaceFiles"/>
  <testcase time="0.213" classname="org.restflow.groovy.TestGroovyWorkflows" name="test_liveReport"/>
  <testcase time="0.572" classname="org.restflow.groovy.TestGroovyWorkflows" name="test_DirectDirectoriesGroovy"/>
  <testcase time="0.672" classname="org.restflow.groovy.TestGroovyWorkflows" name="test_DirectFilesGroovy"/>
  <testcase time="1.332" classname="org.restflow.groovy.TestGroovyWorkflows" name="test_SimulateDataCollection_DataDrivenDirector"/>
  <testcase time="1.579" classname="org.restflow.groovy.TestGroovyWorkflows" name="test_SimulateDataCollection_PublishSubscribeDirector"/>
  <testcase time="0.799" classname="org.restflow.groovy.TestGroovyWorkflows" name="test_CaughtActorExceptions_DataDrivenDirector"/>
  <testcase time="0.61" classname="org.restflow.groovy.TestGroovyWorkflows" name="test_UncaughtActorException_DataDrivenDirector"/>
  <testcase time="0.554" classname="org.restflow.groovy.TestGroovyWorkflows" name="test_UncaughtActorException_PublishSubscribeDirector"/>
  <testcase time="0.562" classname="org.restflow.groovy.TestGroovyWorkflows" name="test_UncaughtActorException_DemandDrivenDirector"/>
  <testcase time="0.579" classname="org.restflow.groovy.TestGroovyWorkflows" name="test_ScratchFiles_GroovyActor_DataDrivenDirector"/>
  <testcase time="0.57" classname="org.restflow.groovy.TestGroovyWorkflows" name="test_BasicFiles_GroovyActor_DataDrivenDirector"/>
  <testcase time="1.305" classname="org.restflow.groovy.TestGroovyWorkflows" name="test_SimulateDataCollection_MTDataDrivenDirector"/>
  <testcase time="1.377" classname="org.restflow.groovy.TestGroovyWorkflows" name="test_SimulateDataCollectionNested_PublishSubscribeDirector"/>
  <testcase time="0.483" classname="org.restflow.groovy.TestGroovyWorkflows" name="test_Lists_JavaActor_PublishSubscribeDirector"/>
  <testcase time="1.243" classname="org.restflow.groovy.TestGroovyWorkflows" name="test_SimulateDataCollectionNestedFeedback_DataDrivenDirector"/>
  <testcase time="0.585" classname="org.restflow.groovy.TestGroovyWorkflows" name="test_CaughtActorExceptions_PublishSubscribeDirector"/>
  <testcase time="0.452" classname="org.restflow.groovy.TestGroovyWorkflows" name="test_EndFlowOnActorException_PublishSubscribeDirector"/>
  <testcase time="0.532" classname="org.restflow.groovy.TestGroovyWorkflows" name="test_UncaughtActorException_MTDataDrivenDirector"/>
  <testcase time="0.411" classname="org.restflow.groovy.TestGroovyWorkflows" name="test_EndFlowOnActorException_DemandDrivenDirector"/>
  <testcase time="0.418" classname="org.restflow.groovy.TestGroovyWorkflows" name="test_NestedWorkflowEnableInputs_PublishSubscribeDirector"/>
  <testcase time="0.605" classname="org.restflow.groovy.TestGroovyWorkflows" name="test_UncaughtActorExceptionNested_DataDrivenDirector"/>
  <testcase time="0.478" classname="org.restflow.groovy.TestGroovyWorkflows" name="test_Lists_GroovyActor_PublishSubscribeDirector"/>
  <testcase time="0.597" classname="org.restflow.groovy.TestGroovyWorkflows" name="test_EndFlowOnActorException_MTDataDrivenDirector"/>
  <testcase time="0.443" classname="org.restflow.groovy.TestGroovyWorkflows" name="test_EndFlowOnActorException_DataDrivenDirector"/>
  <testcase time="0.47" classname="org.restflow.groovy.TestGroovyWorkflows" name="test_ConditionalRouting_PublishSubscribeDirector"/>
</testsuite>